<?xml version="1.0" encoding="UTF-8"?>
<!-- Generated by org.testng.reporters.JUnitXMLReporter -->
<testsuite hostname="Hassan-PC" name="Command line test" tests="2" failures="1" timestamp="1 May 2016 12:20:40 GMT" time="202.286" errors="0">
  <testcase name="test" time="13.98" classname="com.aurora.auroratest.TestCase_001_3ProductsCreation">
    <failure type="java.lang.AssertionError" message="expected [yourbarcode001e] but found []">
      <![CDATA[java.lang.AssertionError: expected [yourbarcode001e] but found []
	at com.aurora.auroratest.TestCase_001_3ProductsCreation.test(TestCase_001_3ProductsCreation.java:81)
... Removed 40 stack frames]]>
    </failure>
  </testcase> <!-- test -->
  <testcase name="test" time="164.162" classname="com.aurora.auroratest.TestCase_002_LoadProductPrices"/>
</testsuite> <!-- Command line test -->
