-------------------------------------------------------------------------------
Test set: com.aurora.auroratest.TestCase_003_VerifyProductPrices
-------------------------------------------------------------------------------
Tests run: 1, Failures: 1, Errors: 0, Skipped: 0, Time elapsed: 22.939 sec <<< FAILURE!
test(com.aurora.auroratest.TestCase_003_VerifyProductPrices)  Time elapsed: 13.727 sec  <<< FAILURE!
java.lang.AssertionError: expected [10] but found []
	at org.testng.Assert.fail(Assert.java:94)
	at org.testng.Assert.failNotEquals(Assert.java:513)
	at org.testng.Assert.assertEqualsImpl(Assert.java:135)
	at org.testng.Assert.assertEquals(Assert.java:116)
	at org.testng.Assert.assertEquals(Assert.java:190)
	at org.testng.Assert.assertEquals(Assert.java:200)
	at com.aurora.auroratest.TestCase_003_VerifyProductPrices.test(TestCase_003_VerifyProductPrices.java:94)
