<?xml version="1.0" encoding="UTF-8"?>
<!-- Generated by org.testng.reporters.JUnitXMLReporter -->
<testsuite hostname="Hassan-PC" name="Command line test" tests="1" failures="1" timestamp="1 May 2016 13:41:24 GMT" time="22.447" errors="0">
  <testcase name="test" time="13.732" classname="com.aurora.auroratest.TestCase_003_VerifyProductPrices">
    <failure type="java.lang.AssertionError" message="expected [10] but found []">
      <![CDATA[java.lang.AssertionError: expected [10] but found []
	at com.aurora.auroratest.TestCase_003_VerifyProductPrices.test(TestCase_003_VerifyProductPrices.java:94)
... Removed 39 stack frames]]>
    </failure>
  </testcase> <!-- test -->
</testsuite> <!-- Command line test -->
